# JRE version: Java(TM) SE Runtime Environment (8.0_202-b08) (build 1.8.0_202-b08)
# Java VM: Java HotSpot(TM) 64-Bit Server VM (25.202-b08 mixed mode windows-amd64 compressed oops)
Heap:
 PSYoungGen      total 75264K, used 28093K [0x000000076c180000, 0x0000000771580000, 0x00000007c0000000)
  eden space 64512K, 43% used [0x000000076c180000,0x000000076dcef768,0x0000000770080000)
  from space 10752K, 0% used [0x0000000770080000,0x0000000770080000,0x0000000770b00000)
  to   space 10752K, 0% used [0x0000000770b00000,0x0000000770b00000,0x0000000771580000)
 ParOldGen       total 72192K, used 7445K [0x00000006c4400000, 0x00000006c8a80000, 0x000000076c180000)
  object space 72192K, 10% used [0x00000006c4400000,0x00000006c4b457c0,0x00000006c8a80000)
 Metaspace       used 22654K, capacity 22972K, committed 23216K, reserved 1069056K
  class space    used 2707K, capacity 2806K, committed 2816K, reserved 1048576K
GC Heap History (8 events):
Event: 11.833 GC heap before
{Heap before GC invocations=1 (full 0):
 PSYoungGen      total 75264K, used 64512K [0x000000076c180000, 0x0000000771580000, 0x00000007c0000000)
  eden space 64512K, 100% used [0x000000076c180000,0x0000000770080000,0x0000000770080000)
  from space 10752K, 0% used [0x0000000770b00000,0x0000000770b00000,0x0000000771580000)
  to   space 10752K, 0% used [0x0000000770080000,0x0000000770080000,0x0000000770b00000)
 ParOldGen       total 172032K, used 0K [0x00000006c4400000, 0x00000006cec00000, 0x000000076c180000)
  object space 172032K, 0% used [0x00000006c4400000,0x00000006c4400000,0x00000006cec00000)
 Metaspace       used 12804K, capacity 12948K, committed 13184K, reserved 1060864K
  class space    used 1510K, capacity 1564K, committed 1664K, reserved 1048576K
Event: 11.837 GC heap after
Heap after GC invocations=1 (full 0):
 PSYoungGen      total 75264K, used 5348K [0x000000076c180000, 0x0000000771580000, 0x00000007c0000000)
  eden space 64512K, 0% used [0x000000076c180000,0x000000076c180000,0x0000000770080000)
  from space 10752K, 49% used [0x0000000770080000,0x00000007705b9228,0x0000000770b00000)
  to   space 10752K, 0% used [0x0000000770b00000,0x0000000770b00000,0x0000000771580000)
 ParOldGen       total 172032K, used 8K [0x00000006c4400000, 0x00000006cec00000, 0x000000076c180000)
  object space 172032K, 0% used [0x00000006c4400000,0x00000006c4402000,0x00000006cec00000)
 Metaspace       used 12804K, capacity 12948K, committed 13184K, reserved 1060864K
  class space    used 1510K, capacity 1564K, committed 1664K, reserved 1048576K
}
Event: 14.280 GC heap before
{Heap before GC invocations=2 (full 0):
 PSYoungGen      total 75264K, used 69860K [0x000000076c180000, 0x0000000771580000, 0x00000007c0000000)
  eden space 64512K, 100% used [0x000000076c180000,0x0000000770080000,0x0000000770080000)
  from space 10752K, 49% used [0x0000000770080000,0x00000007705b9228,0x0000000770b00000)
  to   space 10752K, 0% used [0x0000000770b00000,0x0000000770b00000,0x0000000771580000)
 ParOldGen       total 172032K, used 8K [0x00000006c4400000, 0x00000006cec00000, 0x000000076c180000)
  object space 172032K, 0% used [0x00000006c4400000,0x00000006c4402000,0x00000006cec00000)
 Metaspace       used 19146K, capacity 19440K, committed 19584K, reserved 1067008K
  class space    used 2295K, capacity 2420K, committed 2432K, reserved 1048576K
Event: 14.286 GC heap after
Heap after GC invocations=2 (full 0):
 PSYoungGen      total 75264K, used 9924K [0x000000076c180000, 0x0000000771580000, 0x00000007c0000000)
  eden space 64512K, 0% used [0x000000076c180000,0x000000076c180000,0x0000000770080000)
  from space 10752K, 92% used [0x0000000770b00000,0x00000007714b1160,0x0000000771580000)
  to   space 10752K, 0% used [0x0000000770080000,0x0000000770080000,0x0000000770b00000)
 ParOldGen       total 172032K, used 16K [0x00000006c4400000, 0x00000006cec00000, 0x000000076c180000)
  object space 172032K, 0% used [0x00000006c4400000,0x00000006c4404000,0x00000006cec00000)
 Metaspace       used 19146K, capacity 19440K, committed 19584K, reserved 1067008K
  class space    used 2295K, capacity 2420K, committed 2432K, reserved 1048576K
}
Event: 14.797 GC heap before
{Heap before GC invocations=3 (full 0):
 PSYoungGen      total 75264K, used 32842K [0x000000076c180000, 0x0000000771580000, 0x00000007c0000000)
  eden space 64512K, 35% used [0x000000076c180000,0x000000076d7e1840,0x0000000770080000)
  from space 10752K, 92% used [0x0000000770b00000,0x00000007714b1160,0x0000000771580000)
  to   space 10752K, 0% used [0x0000000770080000,0x0000000770080000,0x0000000770b00000)
 ParOldGen       total 172032K, used 16K [0x00000006c4400000, 0x00000006cec00000, 0x000000076c180000)
  object space 172032K, 0% used [0x00000006c4400000,0x00000006c4404000,0x00000006cec00000)
 Metaspace       used 20882K, capacity 21168K, committed 21296K, reserved 1069056K
  class space    used 2511K, capacity 2612K, committed 2688K, reserved 1048576K
Event: 14.801 GC heap after
Heap after GC invocations=3 (full 0):
 PSYoungGen      total 75264K, used 7715K [0x000000076c180000, 0x0000000771580000, 0x00000007c0000000)
  eden space 64512K, 0% used [0x000000076c180000,0x000000076c180000,0x0000000770080000)
  from space 10752K, 71% used [0x0000000770080000,0x0000000770808f08,0x0000000770b00000)
  to   space 10752K, 0% used [0x0000000770b00000,0x0000000770b00000,0x0000000771580000)
 ParOldGen       total 172032K, used 24K [0x00000006c4400000, 0x00000006cec00000, 0x000000076c180000)
  object space 172032K, 0% used [0x00000006c4400000,0x00000006c4406000,0x00000006cec00000)
 Metaspace       used 20882K, capacity 21168K, committed 21296K, reserved 1069056K
  class space    used 2511K, capacity 2612K, committed 2688K, reserved 1048576K
}
Event: 14.801 GC heap before
{Heap before GC invocations=4 (full 1):
 PSYoungGen      total 75264K, used 7715K [0x000000076c180000, 0x0000000771580000, 0x00000007c0000000)
  eden space 64512K, 0% used [0x000000076c180000,0x000000076c180000,0x0000000770080000)
  from space 10752K, 71% used [0x0000000770080000,0x0000000770808f08,0x0000000770b00000)
  to   space 10752K, 0% used [0x0000000770b00000,0x0000000770b00000,0x0000000771580000)
 ParOldGen       total 172032K, used 24K [0x00000006c4400000, 0x00000006cec00000, 0x000000076c180000)
  object space 172032K, 0% used [0x00000006c4400000,0x00000006c4406000,0x00000006cec00000)
 Metaspace       used 20882K, capacity 21168K, committed 21296K, reserved 1069056K
  class space    used 2511K, capacity 2612K, committed 2688K, reserved 1048576K
Event: 14.817 GC heap after
Heap after GC invocations=4 (full 1):
 PSYoungGen      total 75264K, used 0K [0x000000076c180000, 0x0000000771580000, 0x00000007c0000000)
  eden space 64512K, 0% used [0x000000076c180000,0x000000076c180000,0x0000000770080000)
  from space 10752K, 0% used [0x0000000770080000,0x0000000770080000,0x0000000770b00000)
  to   space 10752K, 0% used [0x0000000770b00000,0x0000000770b00000,0x0000000771580000)
 ParOldGen       total 72192K, used 7445K [0x00000006c4400000, 0x00000006c8a80000, 0x000000076c180000)
  object space 72192K, 10% used [0x00000006c4400000,0x00000006c4b457c0,0x00000006c8a80000)
 Metaspace       used 20882K, capacity 21168K, committed 21296K, reserved 1069056K
  class space    used 2511K, capacity 2612K, committed 2688K, reserved 1048576K
}

